/home/mats/.local/share/mise/installs/ruby/3.4.8/lib/ruby/gems/3.4.0/gems/bundler-2.6.9/lib/bundler/rubygems_ext.rb:64: warning: already initialized constant Gem::Platform::JAVA
/home/mats/.local/share/mise/installs/ruby/3.4.8/lib/ruby/site_ruby/3.4.0/rubygems/platform.rb:279: warning: previous definition of JAVA was here
/home/mats/.local/share/mise/installs/ruby/3.4.8/lib/ruby/gems/3.4.0/gems/bundler-2.6.9/lib/bundler/rubygems_ext.rb:65: warning: already initialized constant Gem::Platform::MSWIN
/home/mats/.local/share/mise/installs/ruby/3.4.8/lib/ruby/site_ruby/3.4.0/rubygems/platform.rb:280: warning: previous definition of MSWIN was here
/home/mats/.local/share/mise/installs/ruby/3.4.8/lib/ruby/gems/3.4.0/gems/bundler-2.6.9/lib/bundler/rubygems_ext.rb:66: warning: already initialized constant Gem::Platform::MSWIN64
/home/mats/.local/share/mise/installs/ruby/3.4.8/lib/ruby/site_ruby/3.4.0/rubygems/platform.rb:281: warning: previous definition of MSWIN64 was here
/home/mats/.local/share/mise/installs/ruby/3.4.8/lib/ruby/gems/3.4.0/gems/bundler-2.6.9/lib/bundler/rubygems_ext.rb:67: warning: already initialized constant Gem::Platform::MINGW
/home/mats/.local/share/mise/installs/ruby/3.4.8/lib/ruby/site_ruby/3.4.0/rubygems/platform.rb:282: warning: previous definition of MINGW was here
/home/mats/.local/share/mise/installs/ruby/3.4.8/lib/ruby/gems/3.4.0/gems/bundler-2.6.9/lib/bundler/rubygems_ext.rb:68: warning: already initialized constant Gem::Platform::X64_MINGW
/home/mats/.local/share/mise/installs/ruby/3.4.8/lib/ruby/site_ruby/3.4.0/rubygems/platform.rb:284: warning: previous definition of X64_MINGW was here
/home/mats/.local/share/mise/installs/ruby/3.4.8/lib/ruby/gems/3.4.0/gems/bundler-2.6.9/lib/bundler/rubygems_ext.rb:70: warning: already initialized constant Gem::Platform::UNIVERSAL_MINGW
/home/mats/.local/share/mise/installs/ruby/3.4.8/lib/ruby/site_ruby/3.4.0/rubygems/platform.rb:285: warning: previous definition of UNIVERSAL_MINGW was here
/home/mats/.local/share/mise/installs/ruby/3.4.8/lib/ruby/gems/3.4.0/gems/bundler-2.6.9/lib/bundler/rubygems_ext.rb:71: warning: already initialized constant Gem::Platform::WINDOWS
/home/mats/.local/share/mise/installs/ruby/3.4.8/lib/ruby/site_ruby/3.4.0/rubygems/platform.rb:286: warning: previous definition of WINDOWS was here
/home/mats/.local/share/mise/installs/ruby/3.4.8/lib/ruby/gems/3.4.0/gems/bundler-2.6.9/lib/bundler/rubygems_ext.rb:72: warning: already initialized constant Gem::Platform::X64_LINUX
/home/mats/.local/share/mise/installs/ruby/3.4.8/lib/ruby/site_ruby/3.4.0/rubygems/platform.rb:287: warning: previous definition of X64_LINUX was here
/home/mats/.local/share/mise/installs/ruby/3.4.8/lib/ruby/gems/3.4.0/gems/bundler-2.6.9/lib/bundler/rubygems_ext.rb:73: warning: already initialized constant Gem::Platform::X64_LINUX_MUSL
/home/mats/.local/share/mise/installs/ruby/3.4.8/lib/ruby/site_ruby/3.4.0/rubygems/platform.rb:288: warning: previous definition of X64_LINUX_MUSL was here
[boot:initialize] ArgumentError: Missing `secret_key_base` for 'production' environment, set this string with `bin/rails credentials:edit`
bin/rails aborted!
ArgumentError: Missing `secret_key_base` for 'production' environment, set this string with `bin/rails credentials:edit` (ArgumentError)

          raise ArgumentError, "Missing `secret_key_base` for '#{Rails.env}' environment, set this string with `bin/rails credentials:edit`"
                ^^^^^^^^^^^^^^^^^^^^^^^^^^^^^^^^^^^^^^^^^^^^^^^^^^^^^^^^^^^^^^^^^^^^^^^^^^^^^^^^^^^^^^^^^^^^^^^^^^^^^^^^^^^^^^^^^^^^^^^^^^^^
/mnt/c/Users/mats/Downloads/hc-ruby/hc-rails-starter/config/environment.rb:6:in '<main>'
Tasks: TOP => assets:precompile => environment
(See full trace by running task with --trace)
